13:46:56 **** Incremental Build of configuration Release for project DzwonekIILOKielce ****
make all 
Building file: ../menu/menu.c
Invoking: AVR Compiler
avr-gcc -Wall -Os -fpack-struct -fshort-enums -ffunction-sections -fdata-sections -std=gnu99 -funsigned-char -funsigned-bitfields -mmcu=atmega328p -DF_CPU=3276800UL -MMD -MP -MF"menu/menu.d" -MT"menu/menu.d" -c -o "menu/menu.o" "../menu/menu.c"
Finished building: ../menu/menu.c
 
Building file: ../menu/menuAutoTimeTransition.c
Invoking: AVR Compiler
avr-gcc -Wall -Os -fpack-struct -fshort-enums -ffunction-sections -fdata-sections -std=gnu99 -funsigned-char -funsigned-bitfields -mmcu=atmega328p -DF_CPU=3276800UL -MMD -MP -MF"menu/menuAutoTimeTransition.d" -MT"menu/menuAutoTimeTransition.d" -c -o "menu/menuAutoTimeTransition.o" "../menu/menuAutoTimeTransition.c"
Finished building: ../menu/menuAutoTimeTransition.c
 
Building file: ../menu/menuBellLength.c
Invoking: AVR Compiler
avr-gcc -Wall -Os -fpack-struct -fshort-enums -ffunction-sections -fdata-sections -std=gnu99 -funsigned-char -funsigned-bitfields -mmcu=atmega328p -DF_CPU=3276800UL -MMD -MP -MF"menu/menuBellLength.d" -MT"menu/menuBellLength.d" -c -o "menu/menuBellLength.o" "../menu/menuBellLength.c"
Finished building: ../menu/menuBellLength.c
 
Building file: ../menu/menuChangeProfile.c
Invoking: AVR Compiler
avr-gcc -Wall -Os -fpack-struct -fshort-enums -ffunction-sections -fdata-sections -std=gnu99 -funsigned-char -funsigned-bitfields -mmcu=atmega328p -DF_CPU=3276800UL -MMD -MP -MF"menu/menuChangeProfile.d" -MT"menu/menuChangeProfile.d" -c -o "menu/menuChangeProfile.o" "../menu/menuChangeProfile.c"
Finished building: ../menu/menuChangeProfile.c
 
Building file: ../menu/menuChooseProfile.c
Invoking: AVR Compiler
avr-gcc -Wall -Os -fpack-struct -fshort-enums -ffunction-sections -fdata-sections -std=gnu99 -funsigned-char -funsigned-bitfields -mmcu=atmega328p -DF_CPU=3276800UL -MMD -MP -MF"menu/menuChooseProfile.d" -MT"menu/menuChooseProfile.d" -c -o "menu/menuChooseProfile.o" "../menu/menuChooseProfile.c"
Finished building: ../menu/menuChooseProfile.c
 
Building file: ../menu/menuDcf77LastSynchronization.c
Invoking: AVR Compiler
avr-gcc -Wall -Os -fpack-struct -fshort-enums -ffunction-sections -fdata-sections -std=gnu99 -funsigned-char -funsigned-bitfields -mmcu=atmega328p -DF_CPU=3276800UL -MMD -MP -MF"menu/menuDcf77LastSynchronization.d" -MT"menu/menuDcf77LastSynchronization.d" -c -o "menu/menuDcf77LastSynchronization.o" "../menu/menuDcf77LastSynchronization.c"
Finished building: ../menu/menuDcf77LastSynchronization.c
 
Building file: ../menu/menuDcf77Synchronization.c
Invoking: AVR Compiler
avr-gcc -Wall -Os -fpack-struct -fshort-enums -ffunction-sections -fdata-sections -std=gnu99 -funsigned-char -funsigned-bitfields -mmcu=atmega328p -DF_CPU=3276800UL -MMD -MP -MF"menu/menuDcf77Synchronization.d" -MT"menu/menuDcf77Synchronization.d" -c -o "menu/menuDcf77Synchronization.o" "../menu/menuDcf77Synchronization.c"
Finished building: ../menu/menuDcf77Synchronization.c
 
Building file: ../menu/menuEditMonth.c
Invoking: AVR Compiler
avr-gcc -Wall -Os -fpack-struct -fshort-enums -ffunction-sections -fdata-sections -std=gnu99 -funsigned-char -funsigned-bitfields -mmcu=atmega328p -DF_CPU=3276800UL -MMD -MP -MF"menu/menuEditMonth.d" -MT"menu/menuEditMonth.d" -c -o "menu/menuEditMonth.o" "../menu/menuEditMonth.c"
Finished building: ../menu/menuEditMonth.c
 
Building file: ../menu/menuEditProfile.c
Invoking: AVR Compiler
avr-gcc -Wall -Os -fpack-struct -fshort-enums -ffunction-sections -fdata-sections -std=gnu99 -funsigned-char -funsigned-bitfields -mmcu=atmega328p -DF_CPU=3276800UL -MMD -MP -MF"menu/menuEditProfile.d" -MT"menu/menuEditProfile.d" -c -o "menu/menuEditProfile.o" "../menu/menuEditProfile.c"
Finished building: ../menu/menuEditProfile.c
 
Building file: ../menu/menuMain.c
Invoking: AVR Compiler
avr-gcc -Wall -Os -fpack-struct -fshort-enums -ffunction-sections -fdata-sections -std=gnu99 -funsigned-char -funsigned-bitfields -mmcu=atmega328p -DF_CPU=3276800UL -MMD -MP -MF"menu/menuMain.d" -MT"menu/menuMain.d" -c -o "menu/menuMain.o" "../menu/menuMain.c"
Finished building: ../menu/menuMain.c
 
Building file: ../menu/menuManageSettings.c
Invoking: AVR Compiler
avr-gcc -Wall -Os -fpack-struct -fshort-enums -ffunction-sections -fdata-sections -std=gnu99 -funsigned-char -funsigned-bitfields -mmcu=atmega328p -DF_CPU=3276800UL -MMD -MP -MF"menu/menuManageSettings.d" -MT"menu/menuManageSettings.d" -c -o "menu/menuManageSettings.o" "../menu/menuManageSettings.c"
Finished building: ../menu/menuManageSettings.c
 
Building file: ../menu/menuMonths.c
Invoking: AVR Compiler
avr-gcc -Wall -Os -fpack-struct -fshort-enums -ffunction-sections -fdata-sections -std=gnu99 -funsigned-char -funsigned-bitfields -mmcu=atmega328p -DF_CPU=3276800UL -MMD -MP -MF"menu/menuMonths.d" -MT"menu/menuMonths.d" -c -o "menu/menuMonths.o" "../menu/menuMonths.c"
Finished building: ../menu/menuMonths.c
 
Building file: ../menu/menuProfiles.c
Invoking: AVR Compiler
avr-gcc -Wall -Os -fpack-struct -fshort-enums -ffunction-sections -fdata-sections -std=gnu99 -funsigned-char -funsigned-bitfields -mmcu=atmega328p -DF_CPU=3276800UL -MMD -MP -MF"menu/menuProfiles.d" -MT"menu/menuProfiles.d" -c -o "menu/menuProfiles.o" "../menu/menuProfiles.c"
Finished building: ../menu/menuProfiles.c
 
Building file: ../menu/menuSdCard.c
Invoking: AVR Compiler
avr-gcc -Wall -Os -fpack-struct -fshort-enums -ffunction-sections -fdata-sections -std=gnu99 -funsigned-char -funsigned-bitfields -mmcu=atmega328p -DF_CPU=3276800UL -MMD -MP -MF"menu/menuSdCard.d" -MT"menu/menuSdCard.d" -c -o "menu/menuSdCard.o" "../menu/menuSdCard.c"
Finished building: ../menu/menuSdCard.c
 
Building file: ../menu/menuSetDate.c
Invoking: AVR Compiler
avr-gcc -Wall -Os -fpack-struct -fshort-enums -ffunction-sections -fdata-sections -std=gnu99 -funsigned-char -funsigned-bitfields -mmcu=atmega328p -DF_CPU=3276800UL -MMD -MP -MF"menu/menuSetDate.d" -MT"menu/menuSetDate.d" -c -o "menu/menuSetDate.o" "../menu/menuSetDate.c"
Finished building: ../menu/menuSetDate.c
 
Building file: ../menu/menuSetTime.c
Invoking: AVR Compiler
avr-gcc -Wall -Os -fpack-struct -fshort-enums -ffunction-sections -fdata-sections -std=gnu99 -funsigned-char -funsigned-bitfields -mmcu=atmega328p -DF_CPU=3276800UL -MMD -MP -MF"menu/menuSetTime.d" -MT"menu/menuSetTime.d" -c -o "menu/menuSetTime.o" "../menu/menuSetTime.c"
Finished building: ../menu/menuSetTime.c
 
Building file: ../menu/menuYesNo.c
Invoking: AVR Compiler
avr-gcc -Wall -Os -fpack-struct -fshort-enums -ffunction-sections -fdata-sections -std=gnu99 -funsigned-char -funsigned-bitfields -mmcu=atmega328p -DF_CPU=3276800UL -MMD -MP -MF"menu/menuYesNo.d" -MT"menu/menuYesNo.d" -c -o "menu/menuYesNo.o" "../menu/menuYesNo.c"
Finished building: ../menu/menuYesNo.c
 
Building file: ../interface.c
Invoking: AVR Compiler
avr-gcc -Wall -Os -fpack-struct -fshort-enums -ffunction-sections -fdata-sections -std=gnu99 -funsigned-char -funsigned-bitfields -mmcu=atmega328p -DF_CPU=3276800UL -MMD -MP -MF"interface.d" -MT"interface.d" -c -o "interface.o" "../interface.c"
Finished building: ../interface.c
 
Building file: ../main.c
Invoking: AVR Compiler
avr-gcc -Wall -Os -fpack-struct -fshort-enums -ffunction-sections -fdata-sections -std=gnu99 -funsigned-char -funsigned-bitfields -mmcu=atmega328p -DF_CPU=3276800UL -MMD -MP -MF"main.d" -MT"main.d" -c -o "main.o" "../main.c"
Finished building: ../main.c
 
Building target: DzwonekIILOKielce.elf
Invoking: AVR C Linker
avr-gcc -Wl,-Map,DzwonekIILOKielce.map -mmcu=atmega328p -o "DzwonekIILOKielce.elf"  ./menu/menu.o ./menu/menuAutoTimeTransition.o ./menu/menuBellLength.o ./menu/menuChangeProfile.o ./menu/menuChooseProfile.o ./menu/menuDcf77LastSynchronization.o ./menu/menuDcf77Synchronization.o ./menu/menuEditMonth.o ./menu/menuEditProfile.o ./menu/menuMain.o ./menu/menuManageSettings.o ./menu/menuMonths.o ./menu/menuProfiles.o ./menu/menuSdCard.o ./menu/menuSetDate.o ./menu/menuSetTime.o ./menu/menuYesNo.o  ./device/sdcard/asmfunc.o ./device/sdcard/mmc.o ./device/sdcard/pff.o  ./device/dcf77.o ./device/ds3231.o ./device/hd44780.o ./device/i2c.o  ./clock.o ./common.o ./controller.o ./customChars.o ./interface.o ./internalStorage.o ./main.o ./strings.o   
Finished building target: DzwonekIILOKielce.elf
 
Invoking: AVR Create Extended Listing
avr-objdump -h -S DzwonekIILOKielce.elf  >"DzwonekIILOKielce.lss"
Finished building: DzwonekIILOKielce.lss
 
Create Flash image (ihex format)
avr-objcopy -R .eeprom -R .fuse -R .lock -R .signature -O ihex DzwonekIILOKielce.elf  "DzwonekIILOKielce.hex"
Finished building: DzwonekIILOKielce.hex
 
Create eeprom image (ihex format)
avr-objcopy -j .eeprom --no-change-warnings --change-section-lma .eeprom=0 -O ihex DzwonekIILOKielce.elf  "DzwonekIILOKielce.eep"
Finished building: DzwonekIILOKielce.eep
 
Invoking: Print Size
avr-size --format=avr --mcu=atmega328p DzwonekIILOKielce.elf
AVR Memory Usage
----------------
Device: atmega328p

Program:   29270 bytes (89.3% Full)
(.text + .data + .bootloader)

Data:       1539 bytes (75.1% Full)
(.data + .bss + .noinit)


Finished building: sizedummy
 

13:47:12 Build Finished (took 15s.892ms)

